[http-nio-8080-exec-2] ERROR com.khacchung.babyshop.service.impl.ProductServiceImpl  - org.hibernate.collection.internal.PersistentBag cannot be cast to java.util.ArrayList
[http-nio-8080-exec-1] ERROR com.khacchung.babyshop.service.impl.ProductServiceImpl  - could not execute statement; SQL [n/a]; constraint [null]; nested exception is org.hibernate.exception.ConstraintViolationException: could not execute statement
[http-nio-8080-exec-7] ERROR com.khacchung.babyshop.service.impl.ProductServiceImpl  - could not execute statement; SQL [n/a]; constraint [null]; nested exception is org.hibernate.exception.ConstraintViolationException: could not execute statement
[http-nio-8080-exec-2] ERROR com.khacchung.babyshop.service.impl.ProductServiceImpl  - could not execute statement; SQL [n/a]; constraint [null]; nested exception is org.hibernate.exception.ConstraintViolationException: could not execute statement
[http-nio-8080-exec-2] ERROR com.khacchung.babyshop.service.impl.ProductServiceImpl  - could not execute statement; SQL [n/a]; constraint [null]; nested exception is org.hibernate.exception.ConstraintViolationException: could not execute statement
[http-nio-8080-exec-4] ERROR com.khacchung.babyshop.service.impl.ProductServiceImpl  - could not execute statement; SQL [n/a]; constraint [null]; nested exception is org.hibernate.exception.ConstraintViolationException: could not execute statement
[http-nio-8080-exec-2] ERROR com.khacchung.babyshop.service.impl.ProductServiceImpl  - could not execute statement; SQL [n/a]; constraint [null]; nested exception is org.hibernate.exception.ConstraintViolationException: could not execute statement
[http-nio-8080-exec-6] ERROR com.khacchung.babyshop.service.impl.ProductServiceImpl  - could not execute statement; SQL [n/a]; nested exception is org.hibernate.exception.DataException: could not execute statement
[http-nio-8080-exec-8] ERROR com.khacchung.babyshop.service.impl.ProductServiceImpl  - could not execute statement; SQL [n/a]; nested exception is org.hibernate.exception.DataException: could not execute statement
[http-nio-8080-exec-2] ERROR com.khacchung.babyshop.service.impl.ProductServiceImpl  - could not execute statement; SQL [n/a]; nested exception is org.hibernate.exception.DataException: could not execute statement
[http-nio-8080-exec-1] ERROR com.khacchung.babyshop.service.impl.ProductServiceImpl  - could not execute statement; SQL [n/a]; nested exception is org.hibernate.exception.DataException: could not execute statement
[http-nio-8080-exec-8] ERROR com.khacchung.babyshop.service.impl.ProductServiceImpl  - could not execute statement; SQL [n/a]; nested exception is org.hibernate.exception.DataException: could not execute statement
[http-nio-8080-exec-6] ERROR com.khacchung.babyshop.service.impl.ProductServiceImpl  - could not execute statement; SQL [n/a]; nested exception is org.hibernate.exception.DataException: could not execute statement
[http-nio-8080-exec-7] ERROR com.khacchung.babyshop.service.impl.ProductServiceImpl  - could not execute statement; SQL [n/a]; nested exception is org.hibernate.exception.DataException: could not execute statement
[http-nio-8080-exec-9] ERROR com.khacchung.babyshop.service.impl.ProductServiceImpl  - could not execute statement; SQL [n/a]; nested exception is org.hibernate.exception.DataException: could not execute statement
[http-nio-8080-exec-2] ERROR com.khacchung.babyshop.service.impl.ProductServiceImpl  - could not execute statement; SQL [n/a]; nested exception is org.hibernate.exception.DataException: could not execute statement
[http-nio-8080-exec-4] ERROR com.khacchung.babyshop.service.impl.ProductServiceImpl  - could not execute statement; SQL [n/a]; nested exception is org.hibernate.exception.DataException: could not execute statement
[http-nio-8080-exec-9] ERROR com.khacchung.babyshop.service.impl.ProductServiceImpl  - could not execute statement; SQL [n/a]; nested exception is org.hibernate.exception.DataException: could not execute statement
[http-nio-8080-exec-2] ERROR com.khacchung.babyshop.service.impl.ProductServiceImpl  - could not execute statement; SQL [n/a]; nested exception is org.hibernate.exception.DataException: could not execute statement
[http-nio-8080-exec-4] ERROR com.khacchung.babyshop.common.jwt.JwtTokenProvider  - Invalid JWT token
[http-nio-8080-exec-4] ERROR com.khacchung.babyshop.service.impl.ProductServiceImpl  - Parameter value [79] did not match expected type [com.khacchung.babyshop.model.dao.Catalog (n/a)]; nested exception is java.lang.IllegalArgumentException: Parameter value [79] did not match expected type [com.khacchung.babyshop.model.dao.Catalog (n/a)]
[http-nio-8080-exec-1] ERROR com.khacchung.babyshop.service.impl.CatalogServiceImpl  - No value present
[http-nio-8080-exec-1] ERROR com.khacchung.babyshop.service.impl.BlogServiceImpl  - could not execute statement; SQL [n/a]; nested exception is org.hibernate.exception.DataException: could not execute statement
[http-nio-8080-exec-2] ERROR com.khacchung.babyshop.service.impl.BlogServiceImpl  - could not execute statement; SQL [n/a]; nested exception is org.hibernate.exception.DataException: could not execute statement
[http-nio-8080-exec-4] ERROR com.khacchung.babyshop.service.impl.CatalogServiceImpl  - No value present
[http-nio-8080-exec-4] ERROR com.khacchung.babyshop.service.impl.CartServiceImpl  - could not execute statement; SQL [n/a]; constraint [null]; nested exception is org.hibernate.exception.ConstraintViolationException: could not execute statement
[http-nio-8080-exec-1] ERROR com.khacchung.babyshop.service.impl.CartServiceImpl  - could not execute statement; SQL [n/a]; constraint [null]; nested exception is org.hibernate.exception.ConstraintViolationException: could not execute statement
[http-nio-8080-exec-8] ERROR com.khacchung.babyshop.service.impl.CartServiceImpl  - could not execute statement; SQL [n/a]; constraint [null]; nested exception is org.hibernate.exception.ConstraintViolationException: could not execute statement
[http-nio-8080-exec-1] ERROR com.khacchung.babyshop.service.impl.CartServiceImpl  - Session/EntityManager is closed; nested exception is java.lang.IllegalStateException: Session/EntityManager is closed
[http-nio-8080-exec-2] ERROR com.khacchung.babyshop.service.impl.CartServiceImpl  - Session/EntityManager is closed; nested exception is java.lang.IllegalStateException: Session/EntityManager is closed
[http-nio-8080-exec-7] ERROR com.khacchung.babyshop.service.impl.CartServiceImpl  - could not execute statement; SQL [n/a]; constraint [null]; nested exception is org.hibernate.exception.ConstraintViolationException: could not execute statement
[http-nio-8080-exec-1] ERROR com.khacchung.babyshop.service.impl.CartServiceImpl  - could not execute statement; SQL [n/a]; constraint [null]; nested exception is org.hibernate.exception.ConstraintViolationException: could not execute statement
[http-nio-8080-exec-1] ERROR com.khacchung.babyshop.service.impl.CartServiceImpl  - Session/EntityManager is closed; nested exception is java.lang.IllegalStateException: Session/EntityManager is closed
[http-nio-8080-exec-4] ERROR com.khacchung.babyshop.service.impl.CartServiceImpl  - Parameter value [S] did not match expected type [java.lang.Boolean (n/a)]; nested exception is java.lang.IllegalArgumentException: Parameter value [S] did not match expected type [java.lang.Boolean (n/a)]
[http-nio-8080-exec-6] ERROR com.khacchung.babyshop.service.impl.CartServiceImpl  - Parameter value [S] did not match expected type [java.lang.Boolean (n/a)]; nested exception is java.lang.IllegalArgumentException: Parameter value [S] did not match expected type [java.lang.Boolean (n/a)]
[http-nio-8080-exec-2] ERROR com.khacchung.babyshop.service.impl.CartServiceImpl  - No value present
[http-nio-8080-exec-5] ERROR com.khacchung.babyshop.common.jwt.JwtTokenProvider  - Invalid JWT token
[http-nio-8080-exec-1] ERROR com.khacchung.babyshop.common.jwt.JwtTokenProvider  - Invalid JWT token
[http-nio-8080-exec-6] ERROR com.khacchung.babyshop.common.jwt.JwtTokenProvider  - Invalid JWT token
[http-nio-8080-exec-4] ERROR com.khacchung.babyshop.common.jwt.JwtTokenProvider  - Invalid JWT token
[http-nio-8080-exec-8] ERROR com.khacchung.babyshop.common.jwt.JwtTokenProvider  - Invalid JWT token
[http-nio-8080-exec-10] ERROR com.khacchung.babyshop.common.jwt.JwtTokenProvider  - Invalid JWT token
[http-nio-8080-exec-7] ERROR com.khacchung.babyshop.common.jwt.JwtTokenProvider  - Invalid JWT token
[http-nio-8080-exec-3] ERROR com.khacchung.babyshop.common.jwt.JwtTokenProvider  - Invalid JWT token
[http-nio-8080-exec-5] ERROR com.khacchung.babyshop.common.jwt.JwtTokenProvider  - Invalid JWT token
[http-nio-8080-exec-9] ERROR com.khacchung.babyshop.common.jwt.JwtTokenProvider  - Invalid JWT token
[http-nio-8080-exec-10] ERROR com.khacchung.babyshop.common.jwt.JwtTokenProvider  - Invalid JWT token
[http-nio-8080-exec-3] ERROR com.khacchung.babyshop.common.jwt.JwtTokenProvider  - Invalid JWT token
[http-nio-8080-exec-7] ERROR com.khacchung.babyshop.common.jwt.JwtTokenProvider  - Invalid JWT token
[http-nio-8080-exec-5] ERROR com.khacchung.babyshop.common.jwt.JwtTokenProvider  - Invalid JWT token
[http-nio-8080-exec-8] ERROR com.khacchung.babyshop.common.jwt.JwtTokenProvider  - Invalid JWT token
[http-nio-8080-exec-4] ERROR com.khacchung.babyshop.common.jwt.JwtTokenProvider  - Invalid JWT token
[http-nio-8080-exec-3] ERROR com.khacchung.babyshop.common.jwt.JwtTokenProvider  - Invalid JWT token
[http-nio-8080-exec-8] ERROR com.khacchung.babyshop.service.impl.TransactionServiceImpl  - could not execute statement; SQL [n/a]; nested exception is org.hibernate.exception.SQLGrammarException: could not execute statement
[http-nio-8080-exec-1] ERROR com.khacchung.babyshop.service.impl.TransactionServiceImpl  - could not execute statement; SQL [n/a]; nested exception is org.hibernate.exception.SQLGrammarException: could not execute statement
[http-nio-8080-exec-10] ERROR com.khacchung.babyshop.service.impl.TransactionServiceImpl  - could not execute statement; SQL [n/a]; constraint [null]; nested exception is org.hibernate.exception.ConstraintViolationException: could not execute statement
[http-nio-8080-exec-10] ERROR com.khacchung.babyshop.service.impl.TransactionServiceImpl  - could not execute statement; SQL [n/a]; constraint [null]; nested exception is org.hibernate.exception.ConstraintViolationException: could not execute statement
[http-nio-8080-exec-10] ERROR com.khacchung.babyshop.service.impl.TransactionServiceImpl  - could not execute statement; SQL [n/a]; constraint [null]; nested exception is org.hibernate.exception.ConstraintViolationException: could not execute statement
[http-nio-8080-exec-10] ERROR com.khacchung.babyshop.service.impl.TransactionServiceImpl  - could not execute statement; SQL [n/a]; constraint [null]; nested exception is org.hibernate.exception.ConstraintViolationException: could not execute statement
[http-nio-8080-exec-10] ERROR com.khacchung.babyshop.service.impl.TransactionServiceImpl  - could not execute statement; SQL [n/a]; constraint [null]; nested exception is org.hibernate.exception.ConstraintViolationException: could not execute statement
[http-nio-8080-exec-10] ERROR com.khacchung.babyshop.service.impl.TransactionServiceImpl  - could not execute statement; SQL [n/a]; constraint [null]; nested exception is org.hibernate.exception.ConstraintViolationException: could not execute statement
[http-nio-8080-exec-1] ERROR com.khacchung.babyshop.service.impl.FavoriteServiceImpl  - could not execute statement; SQL [n/a]; constraint [null]; nested exception is org.hibernate.exception.ConstraintViolationException: could not execute statement
[http-nio-8080-exec-1] ERROR com.khacchung.babyshop.service.impl.FavoriteServiceImpl  - could not execute statement; SQL [n/a]; constraint [null]; nested exception is org.hibernate.exception.ConstraintViolationException: could not execute statement
[http-nio-8080-exec-9] ERROR com.khacchung.babyshop.service.impl.FavoriteServiceImpl  - No value present
[http-nio-8080-exec-8] ERROR com.khacchung.babyshop.service.impl.FavoriteServiceImpl  - No value present
[http-nio-8080-exec-7] ERROR com.khacchung.babyshop.service.impl.FavoriteServiceImpl  - No value present
